<?xml version="1.0" encoding="UTF-8"?>
<!-- Generated by org.testng.reporters.JUnitXMLReporter -->
<testsuite ignored="0" hostname="DELL-C0HKRC2" failures="0" tests="7" name="Test" time="44.361" errors="0" timestamp="2021-09-28T21:38:08 ART">
  <testcase classname="Edit.EducacionIt.Laboratorio2" name="registrarUsuario" time="11.438"/>
  <testcase classname="Edit.EducacionIt.Laboratorio1" name="lab1_e1" time="6.113"/>
  <testcase classname="Edit.EducacionIt.Laboratorio1" name="lab1_e2" time="12.105"/>
  <testcase classname="Edit.EducacionIt.Laboratorio1" name="lab1_e3" time="6.097"/>
  <testcase classname="Edit.EducacionIt.Laboratorio1" name="lab1_test" time="0.001"/>
  <testcase classname="Edit.EducacionIt.Laboratorio3_Ejercicio1" name="registroUsuario" time="4.449"/>
  <testcase classname="Edit.EducacionIt.AppTest" name="shouldAnswerWithTrue" time="0.003"/>
</testsuite> <!-- Test -->
