<?xml version="1.0" encoding="UTF-8"?>
<testng-results ignored="0" total="1" passed="1" failed="0" skipped="0">
  <reporter-output>
  </reporter-output>
  <suite started-at="2021-09-30T10:09:26 ART" name="Default suite" finished-at="2021-09-30T10:09:37 ART" duration-ms="10533">
    <groups>
    </groups>
    <test started-at="2021-09-30T10:09:26 ART" name="Default test" finished-at="2021-09-30T10:09:37 ART" duration-ms="10533">
      <class name="Edit.EducacionIt.Laboratorio3_Ejercicio1">
        <test-method is-config="true" signature="setUp()[pri:0, instance:Edit.EducacionIt.Laboratorio3_Ejercicio1@61230f6a]" started-at="2021-09-30T10:09:24 ART" name="setUp" finished-at="2021-09-30T10:09:26 ART" duration-ms="2943" status="PASS">
          <reporter-output>
          </reporter-output>
        </test-method> <!-- setUp -->
        <test-method is-config="true" signature="irUrl()[pri:0, instance:Edit.EducacionIt.Laboratorio3_Ejercicio1@61230f6a]" started-at="2021-09-30T10:09:26 ART" name="irUrl" finished-at="2021-09-30T10:09:30 ART" duration-ms="4015" status="PASS">
          <reporter-output>
          </reporter-output>
        </test-method> <!-- irUrl -->
        <test-method is-config="true" signature="maxVentana()[pri:0, instance:Edit.EducacionIt.Laboratorio3_Ejercicio1@61230f6a]" started-at="2021-09-30T10:09:30 ART" name="maxVentana" finished-at="2021-09-30T10:09:31 ART" duration-ms="145" status="PASS">
          <reporter-output>
          </reporter-output>
        </test-method> <!-- maxVentana -->
        <test-method signature="registroUsuario()[pri:0, instance:Edit.EducacionIt.Laboratorio3_Ejercicio1@61230f6a]" started-at="2021-09-30T10:09:31 ART" name="registroUsuario" finished-at="2021-09-30T10:09:36 ART" duration-ms="5746" status="PASS">
          <reporter-output>
          </reporter-output>
        </test-method> <!-- registroUsuario -->
        <test-method is-config="true" signature="capturarPantalla()[pri:0, instance:Edit.EducacionIt.Laboratorio3_Ejercicio1@61230f6a]" started-at="2021-09-30T10:09:36 ART" name="capturarPantalla" finished-at="2021-09-30T10:09:37 ART" duration-ms="378" status="PASS">
          <reporter-output>
          </reporter-output>
        </test-method> <!-- capturarPantalla -->
        <test-method is-config="true" signature="finPrueba()[pri:0, instance:Edit.EducacionIt.Laboratorio3_Ejercicio1@61230f6a]" started-at="2021-09-30T10:09:37 ART" name="finPrueba" finished-at="2021-09-30T10:09:37 ART" duration-ms="0" status="PASS">
          <reporter-output>
          </reporter-output>
        </test-method> <!-- finPrueba -->
        <test-method is-config="true" signature="cierreNavegador()[pri:0, instance:Edit.EducacionIt.Laboratorio3_Ejercicio1@61230f6a]" started-at="2021-09-30T10:09:37 ART" name="cierreNavegador" finished-at="2021-09-30T10:09:37 ART" duration-ms="207" status="PASS">
          <reporter-output>
          </reporter-output>
        </test-method> <!-- cierreNavegador -->
        <test-method is-config="true" signature="finSuite()[pri:0, instance:Edit.EducacionIt.Laboratorio3_Ejercicio1@61230f6a]" started-at="2021-09-30T10:09:37 ART" name="finSuite" finished-at="2021-09-30T10:09:37 ART" duration-ms="0" status="PASS">
          <reporter-output>
          </reporter-output>
        </test-method> <!-- finSuite -->
      </class> <!-- Edit.EducacionIt.Laboratorio3_Ejercicio1 -->
    </test> <!-- Default test -->
  </suite> <!-- Default suite -->
</testng-results>
